
**** Build of configuration Debug for project Lab17_Control ****

"C:\\ti\\ccs910\\ccs\\utils\\bin\\gmake" -k -j 8 all -O 
 
Building file: "C:/Users/abhil/Documents/tirslk_maze_1_00_01/tirslk_maze_1_00_00/inc/CortexM.c"
Invoking: MSP432 Compiler
"C:/ti/ccs910/ccs/tools/compiler/ti-cgt-arm_18.12.2.LTS/bin/armcl" -mv7M4 --code_state=16 --float_support=FPv4SPD16 -me --include_path="C:/ti/ccs910/ccs/ccs_base/arm/include" --include_path="C:/ti/ccs910/ccs/ccs_base/arm/include/CMSIS" --include_path="C:/Users/abhil/Documents/tirslk_maze_1_00_01/tirslk_maze_1_00_00/Lab17_Control" --include_path="C:/ti/ccs910/ccs/tools/compiler/ti-cgt-arm_18.12.2.LTS/include" --advice:power=all --define=__MSP432P401R__ --define=ccs -g --gcc --diag_warning=225 --diag_wrap=off --display_error_number --abi=eabi --preproc_with_compile --preproc_dependency="CortexM.d_raw"  "C:/Users/abhil/Documents/tirslk_maze_1_00_01/tirslk_maze_1_00_00/inc/CortexM.c"
Finished building: "C:/Users/abhil/Documents/tirslk_maze_1_00_01/tirslk_maze_1_00_00/inc/CortexM.c"
 
Building file: "C:/Users/abhil/Documents/tirslk_maze_1_00_01/tirslk_maze_1_00_00/inc/ADC14.c"
Invoking: MSP432 Compiler
"C:/ti/ccs910/ccs/tools/compiler/ti-cgt-arm_18.12.2.LTS/bin/armcl" -mv7M4 --code_state=16 --float_support=FPv4SPD16 -me --include_path="C:/ti/ccs910/ccs/ccs_base/arm/include" --include_path="C:/ti/ccs910/ccs/ccs_base/arm/include/CMSIS" --include_path="C:/Users/abhil/Documents/tirslk_maze_1_00_01/tirslk_maze_1_00_00/Lab17_Control" --include_path="C:/ti/ccs910/ccs/tools/compiler/ti-cgt-arm_18.12.2.LTS/include" --advice:power=all --define=__MSP432P401R__ --define=ccs -g --gcc --diag_warning=225 --diag_wrap=off --display_error_number --abi=eabi --preproc_with_compile --preproc_dependency="ADC14.d_raw"  "C:/Users/abhil/Documents/tirslk_maze_1_00_01/tirslk_maze_1_00_00/inc/ADC14.c"
"C:/Users/abhil/Documents/tirslk_maze_1_00_01/tirslk_maze_1_00_00/inc/ADC14.c", line 53: remark #1527-D: (ULP 2.1) Detected SW delay loop using empty loop. Recommend using a timer module instead
"C:/Users/abhil/Documents/tirslk_maze_1_00_01/tirslk_maze_1_00_00/inc/ADC14.c", line 100: remark #1527-D: (ULP 2.1) Detected SW delay loop using empty loop. Recommend using a timer module instead
"C:/Users/abhil/Documents/tirslk_maze_1_00_01/tirslk_maze_1_00_00/inc/ADC14.c", line 102: remark #1527-D: (ULP 2.1) Detected SW delay loop using empty loop. Recommend using a timer module instead
"C:/Users/abhil/Documents/tirslk_maze_1_00_01/tirslk_maze_1_00_00/inc/ADC14.c", line 111: remark #1527-D: (ULP 2.1) Detected SW delay loop using empty loop. Recommend using a timer module instead
"C:/Users/abhil/Documents/tirslk_maze_1_00_01/tirslk_maze_1_00_00/inc/ADC14.c", line 169: remark #1527-D: (ULP 2.1) Detected SW delay loop using empty loop. Recommend using a timer module instead
"C:/Users/abhil/Documents/tirslk_maze_1_00_01/tirslk_maze_1_00_00/inc/ADC14.c", line 172: remark #1527-D: (ULP 2.1) Detected SW delay loop using empty loop. Recommend using a timer module instead
Finished building: "C:/Users/abhil/Documents/tirslk_maze_1_00_01/tirslk_maze_1_00_00/inc/ADC14.c"
 
Building file: "C:/Users/abhil/Documents/tirslk_maze_1_00_01/tirslk_maze_1_00_00/inc/Bump.c"
Invoking: MSP432 Compiler
"C:/ti/ccs910/ccs/tools/compiler/ti-cgt-arm_18.12.2.LTS/bin/armcl" -mv7M4 --code_state=16 --float_support=FPv4SPD16 -me --include_path="C:/ti/ccs910/ccs/ccs_base/arm/include" --include_path="C:/ti/ccs910/ccs/ccs_base/arm/include/CMSIS" --include_path="C:/Users/abhil/Documents/tirslk_maze_1_00_01/tirslk_maze_1_00_00/Lab17_Control" --include_path="C:/ti/ccs910/ccs/tools/compiler/ti-cgt-arm_18.12.2.LTS/include" --advice:power=all --define=__MSP432P401R__ --define=ccs -g --gcc --diag_warning=225 --diag_wrap=off --display_error_number --abi=eabi --preproc_with_compile --preproc_dependency="Bump.d_raw"  "C:/Users/abhil/Documents/tirslk_maze_1_00_01/tirslk_maze_1_00_00/inc/Bump.c"
Finished building: "C:/Users/abhil/Documents/tirslk_maze_1_00_01/tirslk_maze_1_00_00/inc/Bump.c"
 
Building file: "C:/Users/abhil/Documents/tirslk_maze_1_00_01/tirslk_maze_1_00_00/inc/Clock.c"
Invoking: MSP432 Compiler
"C:/ti/ccs910/ccs/tools/compiler/ti-cgt-arm_18.12.2.LTS/bin/armcl" -mv7M4 --code_state=16 --float_support=FPv4SPD16 -me --include_path="C:/ti/ccs910/ccs/ccs_base/arm/include" --include_path="C:/ti/ccs910/ccs/ccs_base/arm/include/CMSIS" --include_path="C:/Users/abhil/Documents/tirslk_maze_1_00_01/tirslk_maze_1_00_00/Lab17_Control" --include_path="C:/ti/ccs910/ccs/tools/compiler/ti-cgt-arm_18.12.2.LTS/include" --advice:power=all --define=__MSP432P401R__ --define=ccs -g --gcc --diag_warning=225 --diag_wrap=off --display_error_number --abi=eabi --preproc_with_compile --preproc_dependency="Clock.d_raw"  "C:/Users/abhil/Documents/tirslk_maze_1_00_01/tirslk_maze_1_00_00/inc/Clock.c"
Finished building: "C:/Users/abhil/Documents/tirslk_maze_1_00_01/tirslk_maze_1_00_00/inc/Clock.c"
 
Building file: "C:/Users/abhil/Documents/tirslk_maze_1_00_01/tirslk_maze_1_00_00/inc/IRDistance.c"
Invoking: MSP432 Compiler
"C:/ti/ccs910/ccs/tools/compiler/ti-cgt-arm_18.12.2.LTS/bin/armcl" -mv7M4 --code_state=16 --float_support=FPv4SPD16 -me --include_path="C:/ti/ccs910/ccs/ccs_base/arm/include" --include_path="C:/ti/ccs910/ccs/ccs_base/arm/include/CMSIS" --include_path="C:/Users/abhil/Documents/tirslk_maze_1_00_01/tirslk_maze_1_00_00/Lab17_Control" --include_path="C:/ti/ccs910/ccs/tools/compiler/ti-cgt-arm_18.12.2.LTS/include" --advice:power=all --define=__MSP432P401R__ --define=ccs -g --gcc --diag_warning=225 --diag_wrap=off --display_error_number --abi=eabi --preproc_with_compile --preproc_dependency="IRDistance.d_raw"  "C:/Users/abhil/Documents/tirslk_maze_1_00_01/tirslk_maze_1_00_00/inc/IRDistance.c"
Finished building: "C:/Users/abhil/Documents/tirslk_maze_1_00_01/tirslk_maze_1_00_00/inc/IRDistance.c"
 
Building file: "C:/Users/abhil/Documents/tirslk_maze_1_00_01/tirslk_maze_1_00_00/inc/LaunchPad.c"
Invoking: MSP432 Compiler
"C:/ti/ccs910/ccs/tools/compiler/ti-cgt-arm_18.12.2.LTS/bin/armcl" -mv7M4 --code_state=16 --float_support=FPv4SPD16 -me --include_path="C:/ti/ccs910/ccs/ccs_base/arm/include" --include_path="C:/ti/ccs910/ccs/ccs_base/arm/include/CMSIS" --include_path="C:/Users/abhil/Documents/tirslk_maze_1_00_01/tirslk_maze_1_00_00/Lab17_Control" --include_path="C:/ti/ccs910/ccs/tools/compiler/ti-cgt-arm_18.12.2.LTS/include" --advice:power=all --define=__MSP432P401R__ --define=ccs -g --gcc --diag_warning=225 --diag_wrap=off --display_error_number --abi=eabi --preproc_with_compile --preproc_dependency="LaunchPad.d_raw"  "C:/Users/abhil/Documents/tirslk_maze_1_00_01/tirslk_maze_1_00_00/inc/LaunchPad.c"
Finished building: "C:/Users/abhil/Documents/tirslk_maze_1_00_01/tirslk_maze_1_00_00/inc/LaunchPad.c"
 
Building file: "C:/Users/abhil/Documents/tirslk_maze_1_00_01/tirslk_maze_1_00_00/inc/LPF.c"
Invoking: MSP432 Compiler
"C:/ti/ccs910/ccs/tools/compiler/ti-cgt-arm_18.12.2.LTS/bin/armcl" -mv7M4 --code_state=16 --float_support=FPv4SPD16 -me --include_path="C:/ti/ccs910/ccs/ccs_base/arm/include" --include_path="C:/ti/ccs910/ccs/ccs_base/arm/include/CMSIS" --include_path="C:/Users/abhil/Documents/tirslk_maze_1_00_01/tirslk_maze_1_00_00/Lab17_Control" --include_path="C:/ti/ccs910/ccs/tools/compiler/ti-cgt-arm_18.12.2.LTS/include" --advice:power=all --define=__MSP432P401R__ --define=ccs -g --gcc --diag_warning=225 --diag_wrap=off --display_error_number --abi=eabi --preproc_with_compile --preproc_dependency="LPF.d_raw"  "C:/Users/abhil/Documents/tirslk_maze_1_00_01/tirslk_maze_1_00_00/inc/LPF.c"
Finished building: "C:/Users/abhil/Documents/tirslk_maze_1_00_01/tirslk_maze_1_00_00/inc/LPF.c"
 
Building file: "../Lab17_Control.c"
Invoking: MSP432 Compiler
"C:/ti/ccs910/ccs/tools/compiler/ti-cgt-arm_18.12.2.LTS/bin/armcl" -mv7M4 --code_state=16 --float_support=FPv4SPD16 -me --include_path="C:/ti/ccs910/ccs/ccs_base/arm/include" --include_path="C:/ti/ccs910/ccs/ccs_base/arm/include/CMSIS" --include_path="C:/Users/abhil/Documents/tirslk_maze_1_00_01/tirslk_maze_1_00_00/Lab17_Control" --include_path="C:/ti/ccs910/ccs/tools/compiler/ti-cgt-arm_18.12.2.LTS/include" --advice:power=all --define=__MSP432P401R__ --define=ccs -g --gcc --diag_warning=225 --diag_wrap=off --display_error_number --abi=eabi --preproc_with_compile --preproc_dependency="Lab17_Control.d_raw"  "../Lab17_Control.c"
"../Lab17_Control.c", line 78: remark #1527-D: (ULP 2.1) Detected SW delay loop using empty loop. Recommend using a timer module instead
Finished building: "../Lab17_Control.c"
 
Building file: "C:/Users/abhil/Documents/tirslk_maze_1_00_01/tirslk_maze_1_00_00/inc/Motor.c"
Invoking: MSP432 Compiler
"C:/ti/ccs910/ccs/tools/compiler/ti-cgt-arm_18.12.2.LTS/bin/armcl" -mv7M4 --code_state=16 --float_support=FPv4SPD16 -me --include_path="C:/ti/ccs910/ccs/ccs_base/arm/include" --include_path="C:/ti/ccs910/ccs/ccs_base/arm/include/CMSIS" --include_path="C:/Users/abhil/Documents/tirslk_maze_1_00_01/tirslk_maze_1_00_00/Lab17_Control" --include_path="C:/ti/ccs910/ccs/tools/compiler/ti-cgt-arm_18.12.2.LTS/include" --advice:power=all --define=__MSP432P401R__ --define=ccs -g --gcc --diag_warning=225 --diag_wrap=off --display_error_number --abi=eabi --preproc_with_compile --preproc_dependency="Motor.d_raw"  "C:/Users/abhil/Documents/tirslk_maze_1_00_01/tirslk_maze_1_00_00/inc/Motor.c"
Finished building: "C:/Users/abhil/Documents/tirslk_maze_1_00_01/tirslk_maze_1_00_00/inc/Motor.c"
 
Building file: "C:/Users/abhil/Documents/tirslk_maze_1_00_01/tirslk_maze_1_00_00/inc/PWM.c"
Invoking: MSP432 Compiler
"C:/ti/ccs910/ccs/tools/compiler/ti-cgt-arm_18.12.2.LTS/bin/armcl" -mv7M4 --code_state=16 --float_support=FPv4SPD16 -me --include_path="C:/ti/ccs910/ccs/ccs_base/arm/include" --include_path="C:/ti/ccs910/ccs/ccs_base/arm/include/CMSIS" --include_path="C:/Users/abhil/Documents/tirslk_maze_1_00_01/tirslk_maze_1_00_00/Lab17_Control" --include_path="C:/ti/ccs910/ccs/tools/compiler/ti-cgt-arm_18.12.2.LTS/include" --advice:power=all --define=__MSP432P401R__ --define=ccs -g --gcc --diag_warning=225 --diag_wrap=off --display_error_number --abi=eabi --preproc_with_compile --preproc_dependency="PWM.d_raw"  "C:/Users/abhil/Documents/tirslk_maze_1_00_01/tirslk_maze_1_00_00/inc/PWM.c"
Finished building: "C:/Users/abhil/Documents/tirslk_maze_1_00_01/tirslk_maze_1_00_00/inc/PWM.c"
 
Building file: "C:/Users/abhil/Documents/tirslk_maze_1_00_01/tirslk_maze_1_00_00/inc/Reflectance.c"
Invoking: MSP432 Compiler
"C:/ti/ccs910/ccs/tools/compiler/ti-cgt-arm_18.12.2.LTS/bin/armcl" -mv7M4 --code_state=16 --float_support=FPv4SPD16 -me --include_path="C:/ti/ccs910/ccs/ccs_base/arm/include" --include_path="C:/ti/ccs910/ccs/ccs_base/arm/include/CMSIS" --include_path="C:/Users/abhil/Documents/tirslk_maze_1_00_01/tirslk_maze_1_00_00/Lab17_Control" --include_path="C:/ti/ccs910/ccs/tools/compiler/ti-cgt-arm_18.12.2.LTS/include" --advice:power=all --define=__MSP432P401R__ --define=ccs -g --gcc --diag_warning=225 --diag_wrap=off --display_error_number --abi=eabi --preproc_with_compile --preproc_dependency="Reflectance.d_raw"  "C:/Users/abhil/Documents/tirslk_maze_1_00_01/tirslk_maze_1_00_00/inc/Reflectance.c"
Finished building: "C:/Users/abhil/Documents/tirslk_maze_1_00_01/tirslk_maze_1_00_00/inc/Reflectance.c"
 
Building file: "C:/Users/abhil/Documents/tirslk_maze_1_00_01/tirslk_maze_1_00_00/inc/SysTickInts.c"
Invoking: MSP432 Compiler
"C:/ti/ccs910/ccs/tools/compiler/ti-cgt-arm_18.12.2.LTS/bin/armcl" -mv7M4 --code_state=16 --float_support=FPv4SPD16 -me --include_path="C:/ti/ccs910/ccs/ccs_base/arm/include" --include_path="C:/ti/ccs910/ccs/ccs_base/arm/include/CMSIS" --include_path="C:/Users/abhil/Documents/tirslk_maze_1_00_01/tirslk_maze_1_00_00/Lab17_Control" --include_path="C:/ti/ccs910/ccs/tools/compiler/ti-cgt-arm_18.12.2.LTS/include" --advice:power=all --define=__MSP432P401R__ --define=ccs -g --gcc --diag_warning=225 --diag_wrap=off --display_error_number --abi=eabi --preproc_with_compile --preproc_dependency="SysTickInts.d_raw"  "C:/Users/abhil/Documents/tirslk_maze_1_00_01/tirslk_maze_1_00_00/inc/SysTickInts.c"
Finished building: "C:/Users/abhil/Documents/tirslk_maze_1_00_01/tirslk_maze_1_00_00/inc/SysTickInts.c"
 
Building file: "C:/Users/abhil/Documents/tirslk_maze_1_00_01/tirslk_maze_1_00_00/inc/TA3InputCapture.c"
Invoking: MSP432 Compiler
"C:/ti/ccs910/ccs/tools/compiler/ti-cgt-arm_18.12.2.LTS/bin/armcl" -mv7M4 --code_state=16 --float_support=FPv4SPD16 -me --include_path="C:/ti/ccs910/ccs/ccs_base/arm/include" --include_path="C:/ti/ccs910/ccs/ccs_base/arm/include/CMSIS" --include_path="C:/Users/abhil/Documents/tirslk_maze_1_00_01/tirslk_maze_1_00_00/Lab17_Control" --include_path="C:/ti/ccs910/ccs/tools/compiler/ti-cgt-arm_18.12.2.LTS/include" --advice:power=all --define=__MSP432P401R__ --define=ccs -g --gcc --diag_warning=225 --diag_wrap=off --display_error_number --abi=eabi --preproc_with_compile --preproc_dependency="TA3InputCapture.d_raw"  "C:/Users/abhil/Documents/tirslk_maze_1_00_01/tirslk_maze_1_00_00/inc/TA3InputCapture.c"
Finished building: "C:/Users/abhil/Documents/tirslk_maze_1_00_01/tirslk_maze_1_00_00/inc/TA3InputCapture.c"
 
Building file: "C:/Users/abhil/Documents/tirslk_maze_1_00_01/tirslk_maze_1_00_00/inc/Nokia5110.c"
Invoking: MSP432 Compiler
"C:/ti/ccs910/ccs/tools/compiler/ti-cgt-arm_18.12.2.LTS/bin/armcl" -mv7M4 --code_state=16 --float_support=FPv4SPD16 -me --include_path="C:/ti/ccs910/ccs/ccs_base/arm/include" --include_path="C:/ti/ccs910/ccs/ccs_base/arm/include/CMSIS" --include_path="C:/Users/abhil/Documents/tirslk_maze_1_00_01/tirslk_maze_1_00_00/Lab17_Control" --include_path="C:/ti/ccs910/ccs/tools/compiler/ti-cgt-arm_18.12.2.LTS/include" --advice:power=all --define=__MSP432P401R__ --define=ccs -g --gcc --diag_warning=225 --diag_wrap=off --display_error_number --abi=eabi --preproc_with_compile --preproc_dependency="Nokia5110.d_raw"  "C:/Users/abhil/Documents/tirslk_maze_1_00_01/tirslk_maze_1_00_00/inc/Nokia5110.c"
"C:/Users/abhil/Documents/tirslk_maze_1_00_01/tirslk_maze_1_00_00/inc/Nokia5110.c", line 280: remark #1527-D: (ULP 2.1) Detected SW delay loop using empty loop. Recommend using a timer module instead
"C:/Users/abhil/Documents/tirslk_maze_1_00_01/tirslk_maze_1_00_00/inc/Nokia5110.c", line 357: remark #2623-D: (ULP 5.4) Detected an assignment to a type with size less than int. To avoid unnecessary sign extension, use int-sized types for local varaibles and convert to smaller types for static storage.
"C:/Users/abhil/Documents/tirslk_maze_1_00_01/tirslk_maze_1_00_00/inc/Nokia5110.c", line 362: remark #2623-D: (ULP 5.4) Detected an assignment to a type with size less than int. To avoid unnecessary sign extension, use int-sized types for local varaibles and convert to smaller types for static storage.
"C:/Users/abhil/Documents/tirslk_maze_1_00_01/tirslk_maze_1_00_00/inc/Nokia5110.c", line 450: remark #2623-D: (ULP 5.4) Detected an assignment to a type with size less than int. To avoid unnecessary sign extension, use int-sized types for local varaibles and convert to smaller types for static storage.
"C:/Users/abhil/Documents/tirslk_maze_1_00_01/tirslk_maze_1_00_00/inc/Nokia5110.c", line 451: remark #2623-D: (ULP 5.4) Detected an assignment to a type with size less than int. To avoid unnecessary sign extension, use int-sized types for local varaibles and convert to smaller types for static storage.
"C:/Users/abhil/Documents/tirslk_maze_1_00_01/tirslk_maze_1_00_00/inc/Nokia5110.c", line 452: remark #2623-D: (ULP 5.4) Detected an assignment to a type with size less than int. To avoid unnecessary sign extension, use int-sized types for local varaibles and convert to smaller types for static storage.
"C:/Users/abhil/Documents/tirslk_maze_1_00_01/tirslk_maze_1_00_00/inc/Nokia5110.c", line 453: remark #2623-D: (ULP 5.4) Detected an assignment to a type with size less than int. To avoid unnecessary sign extension, use int-sized types for local varaibles and convert to smaller types for static storage.
"C:/Users/abhil/Documents/tirslk_maze_1_00_01/tirslk_maze_1_00_00/inc/Nokia5110.c", line 462: remark #2623-D: (ULP 5.4) Detected an assignment to a type with size less than int. To avoid unnecessary sign extension, use int-sized types for local varaibles and convert to smaller types for static storage.
"C:/Users/abhil/Documents/tirslk_maze_1_00_01/tirslk_maze_1_00_00/inc/Nokia5110.c", line 469: remark #2623-D: (ULP 5.4) Detected an assignment to a type with size less than int. To avoid unnecessary sign extension, use int-sized types for local varaibles and convert to smaller types for static storage.
"C:/Users/abhil/Documents/tirslk_maze_1_00_01/tirslk_maze_1_00_00/inc/Nokia5110.c", line 473: remark #2623-D: (ULP 5.4) Detected an assignment to a type with size less than int. To avoid unnecessary sign extension, use int-sized types for local varaibles and convert to smaller types for static storage.
"C:/Users/abhil/Documents/tirslk_maze_1_00_01/tirslk_maze_1_00_00/inc/Nokia5110.c", line 476: remark #2623-D: (ULP 5.4) Detected an assignment to a type with size less than int. To avoid unnecessary sign extension, use int-sized types for local varaibles and convert to smaller types for static storage.
"C:/Users/abhil/Documents/tirslk_maze_1_00_01/tirslk_maze_1_00_00/inc/Nokia5110.c", line 478: remark #2623-D: (ULP 5.4) Detected an assignment to a type with size less than int. To avoid unnecessary sign extension, use int-sized types for local varaibles and convert to smaller types for static storage.
"C:/Users/abhil/Documents/tirslk_maze_1_00_01/tirslk_maze_1_00_00/inc/Nokia5110.c", line 496: remark #1543-D: (ULP 12.2) Detected for loop with repetitive data transfer. Recommend using DMA
Finished building: "C:/Users/abhil/Documents/tirslk_maze_1_00_01/tirslk_maze_1_00_00/inc/Nokia5110.c"
 
Building file: "C:/Users/abhil/Documents/tirslk_maze_1_00_01/tirslk_maze_1_00_00/inc/Tachometer.c"
Invoking: MSP432 Compiler
"C:/ti/ccs910/ccs/tools/compiler/ti-cgt-arm_18.12.2.LTS/bin/armcl" -mv7M4 --code_state=16 --float_support=FPv4SPD16 -me --include_path="C:/ti/ccs910/ccs/ccs_base/arm/include" --include_path="C:/ti/ccs910/ccs/ccs_base/arm/include/CMSIS" --include_path="C:/Users/abhil/Documents/tirslk_maze_1_00_01/tirslk_maze_1_00_00/Lab17_Control" --include_path="C:/ti/ccs910/ccs/tools/compiler/ti-cgt-arm_18.12.2.LTS/include" --advice:power=all --define=__MSP432P401R__ --define=ccs -g --gcc --diag_warning=225 --diag_wrap=off --display_error_number --abi=eabi --preproc_with_compile --preproc_dependency="Tachometer.d_raw"  "C:/Users/abhil/Documents/tirslk_maze_1_00_01/tirslk_maze_1_00_00/inc/Tachometer.c"
Finished building: "C:/Users/abhil/Documents/tirslk_maze_1_00_01/tirslk_maze_1_00_00/inc/Tachometer.c"
 
Building file: "C:/Users/abhil/Documents/tirslk_maze_1_00_01/tirslk_maze_1_00_00/inc/TExaS.c"
Invoking: MSP432 Compiler
"C:/ti/ccs910/ccs/tools/compiler/ti-cgt-arm_18.12.2.LTS/bin/armcl" -mv7M4 --code_state=16 --float_support=FPv4SPD16 -me --include_path="C:/ti/ccs910/ccs/ccs_base/arm/include" --include_path="C:/ti/ccs910/ccs/ccs_base/arm/include/CMSIS" --include_path="C:/Users/abhil/Documents/tirslk_maze_1_00_01/tirslk_maze_1_00_00/Lab17_Control" --include_path="C:/ti/ccs910/ccs/tools/compiler/ti-cgt-arm_18.12.2.LTS/include" --advice:power=all --define=__MSP432P401R__ --define=ccs -g --gcc --diag_warning=225 --diag_wrap=off --display_error_number --abi=eabi --preproc_with_compile --preproc_dependency="TExaS.d_raw"  "C:/Users/abhil/Documents/tirslk_maze_1_00_01/tirslk_maze_1_00_00/inc/TExaS.c"
"C:/Users/abhil/Documents/tirslk_maze_1_00_01/tirslk_maze_1_00_00/inc/TExaS.c", line 121: remark #1527-D: (ULP 2.1) Detected SW delay loop using empty loop. Recommend using a timer module instead
"C:/Users/abhil/Documents/tirslk_maze_1_00_01/tirslk_maze_1_00_00/inc/TExaS.c", line 280: remark #1527-D: (ULP 2.1) Detected SW delay loop using empty loop. Recommend using a timer module instead
"C:/Users/abhil/Documents/tirslk_maze_1_00_01/tirslk_maze_1_00_00/inc/TExaS.c", line 289: remark #1527-D: (ULP 2.1) Detected SW delay loop using empty loop. Recommend using a timer module instead
"C:/Users/abhil/Documents/tirslk_maze_1_00_01/tirslk_maze_1_00_00/inc/TExaS.c", line 411: remark #1527-D: (ULP 2.1) Detected SW delay loop using empty loop. Recommend using a timer module instead
"C:/Users/abhil/Documents/tirslk_maze_1_00_01/tirslk_maze_1_00_00/inc/TExaS.c", line 453: remark #1527-D: (ULP 2.1) Detected SW delay loop using empty loop. Recommend using a timer module instead
Finished building: "C:/Users/abhil/Documents/tirslk_maze_1_00_01/tirslk_maze_1_00_00/inc/TExaS.c"
 
Building file: "C:/Users/abhil/Documents/tirslk_maze_1_00_01/tirslk_maze_1_00_00/inc/TimerA1.c"
Invoking: MSP432 Compiler
"C:/ti/ccs910/ccs/tools/compiler/ti-cgt-arm_18.12.2.LTS/bin/armcl" -mv7M4 --code_state=16 --float_support=FPv4SPD16 -me --include_path="C:/ti/ccs910/ccs/ccs_base/arm/include" --include_path="C:/ti/ccs910/ccs/ccs_base/arm/include/CMSIS" --include_path="C:/Users/abhil/Documents/tirslk_maze_1_00_01/tirslk_maze_1_00_00/Lab17_Control" --include_path="C:/ti/ccs910/ccs/tools/compiler/ti-cgt-arm_18.12.2.LTS/include" --advice:power=all --define=__MSP432P401R__ --define=ccs -g --gcc --diag_warning=225 --diag_wrap=off --display_error_number --abi=eabi --preproc_with_compile --preproc_dependency="TimerA1.d_raw"  "C:/Users/abhil/Documents/tirslk_maze_1_00_01/tirslk_maze_1_00_00/inc/TimerA1.c"
Finished building: "C:/Users/abhil/Documents/tirslk_maze_1_00_01/tirslk_maze_1_00_00/inc/TimerA1.c"
 
Building file: "../startup_msp432p401r_ccs.c"
Invoking: MSP432 Compiler
"C:/ti/ccs910/ccs/tools/compiler/ti-cgt-arm_18.12.2.LTS/bin/armcl" -mv7M4 --code_state=16 --float_support=FPv4SPD16 -me --include_path="C:/ti/ccs910/ccs/ccs_base/arm/include" --include_path="C:/ti/ccs910/ccs/ccs_base/arm/include/CMSIS" --include_path="C:/Users/abhil/Documents/tirslk_maze_1_00_01/tirslk_maze_1_00_00/Lab17_Control" --include_path="C:/ti/ccs910/ccs/tools/compiler/ti-cgt-arm_18.12.2.LTS/include" --advice:power=all --define=__MSP432P401R__ --define=ccs -g --gcc --diag_warning=225 --diag_wrap=off --display_error_number --abi=eabi --preproc_with_compile --preproc_dependency="startup_msp432p401r_ccs.d_raw"  "../startup_msp432p401r_ccs.c"
Finished building: "../startup_msp432p401r_ccs.c"
 
Building file: "../system_msp432p401r.c"
Invoking: MSP432 Compiler
"C:/ti/ccs910/ccs/tools/compiler/ti-cgt-arm_18.12.2.LTS/bin/armcl" -mv7M4 --code_state=16 --float_support=FPv4SPD16 -me --include_path="C:/ti/ccs910/ccs/ccs_base/arm/include" --include_path="C:/ti/ccs910/ccs/ccs_base/arm/include/CMSIS" --include_path="C:/Users/abhil/Documents/tirslk_maze_1_00_01/tirslk_maze_1_00_00/Lab17_Control" --include_path="C:/ti/ccs910/ccs/tools/compiler/ti-cgt-arm_18.12.2.LTS/include" --advice:power=all --define=__MSP432P401R__ --define=ccs -g --gcc --diag_warning=225 --diag_wrap=off --display_error_number --abi=eabi --preproc_with_compile --preproc_dependency="system_msp432p401r.d_raw"  "../system_msp432p401r.c"
"../system_msp432p401r.c", line 112: remark #2623-D: (ULP 5.4) Detected an assignment to a type with size less than int. To avoid unnecessary sign extension, use int-sized types for local varaibles and convert to smaller types for static storage.
"../system_msp432p401r.c", line 160: remark #2623-D: (ULP 5.4) Detected an assignment to a type with size less than int. To avoid unnecessary sign extension, use int-sized types for local varaibles and convert to smaller types for static storage.
"../system_msp432p401r.c", line 193: remark #2623-D: (ULP 5.4) Detected an assignment to a type with size less than int. To avoid unnecessary sign extension, use int-sized types for local varaibles and convert to smaller types for static storage.
Finished building: "../system_msp432p401r.c"
 
Building file: "C:/Users/abhil/Documents/tirslk_maze_1_00_01/tirslk_maze_1_00_00/inc/UART0.c"
Invoking: MSP432 Compiler
"C:/ti/ccs910/ccs/tools/compiler/ti-cgt-arm_18.12.2.LTS/bin/armcl" -mv7M4 --code_state=16 --float_support=FPv4SPD16 -me --include_path="C:/ti/ccs910/ccs/ccs_base/arm/include" --include_path="C:/ti/ccs910/ccs/ccs_base/arm/include/CMSIS" --include_path="C:/Users/abhil/Documents/tirslk_maze_1_00_01/tirslk_maze_1_00_00/Lab17_Control" --include_path="C:/ti/ccs910/ccs/tools/compiler/ti-cgt-arm_18.12.2.LTS/include" --advice:power=all --define=__MSP432P401R__ --define=ccs -g --gcc --diag_warning=225 --diag_wrap=off --display_error_number --abi=eabi --preproc_with_compile --preproc_dependency="UART0.d_raw"  "C:/Users/abhil/Documents/tirslk_maze_1_00_01/tirslk_maze_1_00_00/inc/UART0.c"
"C:/Users/abhil/Documents/tirslk_maze_1_00_01/tirslk_maze_1_00_00/inc/UART0.c", line 91: remark #1527-D: (ULP 2.1) Detected SW delay loop using empty loop. Recommend using a timer module instead
"C:/Users/abhil/Documents/tirslk_maze_1_00_01/tirslk_maze_1_00_00/inc/UART0.c", line 100: remark #1527-D: (ULP 2.1) Detected SW delay loop using empty loop. Recommend using a timer module instead
Finished building: "C:/Users/abhil/Documents/tirslk_maze_1_00_01/tirslk_maze_1_00_00/inc/UART0.c"
 
Building target: "Lab17_Control.out"
Invoking: MSP432 Linker
"C:/ti/ccs910/ccs/tools/compiler/ti-cgt-arm_18.12.2.LTS/bin/armcl" -mv7M4 --code_state=16 --float_support=FPv4SPD16 -me --advice:power=all --define=__MSP432P401R__ --define=ccs -g --gcc --diag_warning=225 --diag_wrap=off --display_error_number --abi=eabi -z -m"Lab17_Control.map" --heap_size=1024 --stack_size=512 -i"C:/ti/ccs910/ccs/ccs_base/arm/include" -i"C:/ti/ccs910/ccs/tools/compiler/ti-cgt-arm_18.12.2.LTS/lib" -i"C:/ti/ccs910/ccs/tools/compiler/ti-cgt-arm_18.12.2.LTS/include" --reread_libs --diag_wrap=off --display_error_number --warn_sections --xml_link_info="Lab17_Control_linkInfo.xml" --rom_model -o "Lab17_Control.out" "./ADC14.obj" "./Bump.obj" "./Clock.obj" "./CortexM.obj" "./IRDistance.obj" "./LPF.obj" "./Lab17_Control.obj" "./LaunchPad.obj" "./Motor.obj" "./Nokia5110.obj" "./PWM.obj" "./Reflectance.obj" "./SysTickInts.obj" "./TA3InputCapture.obj" "./TExaS.obj" "./Tachometer.obj" "./TimerA1.obj" "./UART0.obj" "./startup_msp432p401r_ccs.obj" "./system_msp432p401r.obj" "../msp432p401r.cmd"  -llibc.a 
<Linking>
remark #10371-D: (ULP 1.1) Detected no uses of low power mode state changing instructions
remark #10372-D: (ULP 4.1) Detected uninitialized Port 1 in this project. Recommend initializing all unused ports to eliminate wasted current consumption on unused pins.
remark #10372-D: (ULP 4.1) Detected uninitialized Port 2 in this project. Recommend initializing all unused ports to eliminate wasted current consumption on unused pins.
remark #10372-D: (ULP 4.1) Detected uninitialized Port 3 in this project. Recommend initializing all unused ports to eliminate wasted current consumption on unused pins.
remark #10372-D: (ULP 4.1) Detected uninitialized Port 4 in this project. Recommend initializing all unused ports to eliminate wasted current consumption on unused pins.
remark #10372-D: (ULP 4.1) Detected uninitialized Port 5 in this project. Recommend initializing all unused ports to eliminate wasted current consumption on unused pins.
remark #10372-D: (ULP 4.1) Detected uninitialized Port 6 in this project. Recommend initializing all unused ports to eliminate wasted current consumption on unused pins.
remark #10372-D: (ULP 4.1) Detected uninitialized Port 7 in this project. Recommend initializing all unused ports to eliminate wasted current consumption on unused pins.
remark #10372-D: (ULP 4.1) Detected uninitialized Port 8 in this project. Recommend initializing all unused ports to eliminate wasted current consumption on unused pins.
remark #10372-D: (ULP 4.1) Detected uninitialized Port 9 in this project. Recommend initializing all unused ports to eliminate wasted current consumption on unused pins.
remark #10372-D: (ULP 4.1) Detected uninitialized Port 10 in this project. Recommend initializing all unused ports to eliminate wasted current consumption on unused pins.
Finished building target: "Lab17_Control.out"
 

**** Build Finished ****
